[07:49:58] [ServerMain/ERROR]: [DirectoryProviderSource] Error loading plugin: Directory 'plugins/via.jar' failed to load!
java.lang.RuntimeException: Directory 'plugins/via.jar' failed to load!
	at io.papermc.paper.plugin.provider.source.FileProviderSource.registerProviders(FileProviderSource.java:59) ~[paper-1.20.2.jar:git-Paper-318]
	at io.papermc.paper.plugin.provider.source.DirectoryProviderSource.lambda$registerProviders$1(DirectoryProviderSource.java:34) ~[paper-1.20.2.jar:git-Paper-318]
	at java.util.stream.ForEachOps$ForEachOp$OfRef.accept(ForEachOps.java:184) ~[?:?]
	at java.util.stream.ReferencePipeline$2$1.accept(ReferencePipeline.java:179) ~[?:?]
	at java.util.stream.ReferencePipeline$3$1.accept(ReferencePipeline.java:197) ~[?:?]
	at java.util.Iterator.forEachRemaining(Iterator.java:133) ~[?:?]
	at java.util.Spliterators$IteratorSpliterator.forEachRemaining(Spliterators.java:1939) ~[?:?]
	at java.util.stream.AbstractPipeline.copyInto(AbstractPipeline.java:509) ~[?:?]
	at java.util.stream.AbstractPipeline.wrapAndCopyInto(AbstractPipeline.java:499) ~[?:?]
	at java.util.stream.ForEachOps$ForEachOp.evaluateSequential(ForEachOps.java:151) ~[?:?]
	at java.util.stream.ForEachOps$ForEachOp$OfRef.evaluateSequential(ForEachOps.java:174) ~[?:?]
	at java.util.stream.AbstractPipeline.evaluate(AbstractPipeline.java:234) ~[?:?]
	at java.util.stream.ReferencePipeline.forEach(ReferencePipeline.java:596) ~[?:?]
	at io.papermc.paper.plugin.provider.source.DirectoryProviderSource.registerProviders(DirectoryProviderSource.java:32) ~[paper-1.20.2.jar:git-Paper-318]
	at io.papermc.paper.plugin.provider.source.DirectoryProviderSource.registerProviders(DirectoryProviderSource.java:14) ~[paper-1.20.2.jar:git-Paper-318]
	at io.papermc.paper.plugin.util.EntrypointUtil.registerProvidersFromSource(EntrypointUtil.java:14) ~[paper-1.20.2.jar:git-Paper-318]
	at io.papermc.paper.plugin.PluginInitializerManager.load(PluginInitializerManager.java:100) ~[paper-1.20.2.jar:git-Paper-318]
	at net.minecraft.server.Main.main(Main.java:134) ~[paper-1.20.2.jar:git-Paper-318]
	at org.bukkit.craftbukkit.Main.main(Main.java:325) ~[paper-1.20.2.jar:git-Paper-318]
	at io.papermc.paperclip.Paperclip.lambda$main$0(Paperclip.java:42) ~[app:?]
	at java.lang.Thread.run(Thread.java:1583) ~[?:?]
Caused by: java.lang.IllegalArgumentException: Directory 'plugins/via.jar' does not contain a paper-plugin.yml or plugin.yml! Could not determine plugin type, cannot load a plugin from it!
	at io.papermc.paper.plugin.provider.source.FileProviderSource.registerProviders(FileProviderSource.java:54) ~[paper-1.20.2.jar:git-Paper-318]
	... 20 more
[07:50:04] [ServerMain/INFO]: Environment: Environment[accountsHost=https://api.mojang.com, sessionHost=https://sessionserver.mojang.com, servicesHost=https://api.minecraftservices.com, name=PROD]
[07:50:07] [ServerMain/INFO]: Loaded 1174 recipes
[07:50:07] [ServerMain/INFO]: Loaded 1271 advancements
[07:50:08] [Server thread/INFO]: Starting minecraft server version 1.20.2
[07:50:08] [Server thread/INFO]: Loading properties
[07:50:08] [Server thread/INFO]: This server is running Paper version git-Paper-318 (MC: 1.20.2) (Implementing API version 1.20.2-R0.1-SNAPSHOT) (Git: 9271ee7)
[07:50:09] [Server thread/INFO]: Server Ping Player Sample Count: 12
[07:50:09] [Server thread/INFO]: Using 4 threads for Netty based IO
[07:50:10] [Server thread/WARN]: [!] The timings profiler has been enabled but has been scheduled for removal from Paper in the future.
    We recommend installing the spark profiler as a replacement: https://spark.lucko.me/
    For more information please visit: https://github.com/PaperMC/Paper/issues/8948
[07:50:10] [Server thread/INFO]: [ChunkTaskScheduler] Chunk system is using 1 I/O threads, 1 worker threads, and gen parallelism of 1 threads
[07:50:11] [Server thread/INFO]: Default game type: SURVIVAL
[07:50:11] [Server thread/INFO]: Generating keypair
[07:50:11] [Server thread/INFO]: Starting Minecraft server on *:25565
[07:50:11] [Server thread/INFO]: Using epoll channel type
[07:50:11] [Server thread/INFO]: Paper: Using libdeflate (Linux x86_64) compression from Velocity.
[07:50:11] [Server thread/INFO]: Paper: Using OpenSSL 1.1.x (Linux x86_64) cipher from Velocity.
[07:50:11] [Server thread/INFO]: [ViaVersion] Loading server plugin ViaVersion v4.8.1
[07:50:11] [Server thread/INFO]: [ViaVersion] ViaVersion 4.8.1 is now loaded. Registering protocol transformers and injecting...
[07:50:12] [Via-Mappingloader-0/INFO]: [ViaVersion] Loading block connection mappings ...
[07:50:13] [Server thread/INFO]: [ViaBackwards] Loading translations...
[07:50:13] [Server thread/INFO]: [ViaBackwards] Registering protocols...
[07:50:13] [Via-Mappingloader-0/INFO]: [ViaVersion] Using FastUtil Long2ObjectOpenHashMap for block connections
[07:50:13] [Server thread/INFO]: [floodgate] Loading server plugin floodgate v2.2.2-SNAPSHOT (b85-71acc6c)
[07:50:14] [Server thread/WARN]: [floodgate] en_ is not a supported Floodgate language.
[07:50:15] [Server thread/INFO]: [floodgate] Took 1,226ms to boot Floodgate
[07:50:15] [Server thread/INFO]: [ViaBackwards] Loading server plugin ViaBackwards v4.8.1
[07:50:15] [Server thread/INFO]: [Geyser-Spigot] Loading server plugin Geyser-Spigot v2.2.0-SNAPSHOT
[07:50:15] [Server thread/INFO]: [Geyser-Spigot] Loading extensions...
[07:50:15] [Server thread/INFO]: [Geyser-Spigot] Loaded 0 extension(s)
[07:50:15] [Server thread/INFO]: [SkinsRestorer] Loading server plugin SkinsRestorer v15.0.4
[07:50:15] [Server thread/INFO]: [playit-gg] Loading server plugin playit-gg v0.1.4
[07:50:15] [Server thread/INFO]: [Graves] Loading server plugin Graves v4.9
[07:50:16] [Server thread/INFO]: [VeinMiner] Loading server plugin VeinMiner v2.1.1
[07:50:16] [Server thread/INFO]: Server permissions file permissions.yml is empty, ignoring it
[07:50:16] [Server thread/INFO]: [SkinsRestorer] Enabling SkinsRestorer v15.0.4
[07:50:17] [Server thread/INFO]: [SkinsRestorer] Detected Minecraft v1_20_R2, using MappingSpigotSkinRefresher.
[07:50:17] [Server thread/INFO]: [SkinsRestorer] Using paper join listener!
[07:50:17] [Server thread/INFO]: [SkinsRestorer] Floodgate skin listener registered
[07:50:17] [Server thread/WARN]: **** SERVER IS RUNNING IN OFFLINE/INSECURE MODE!
[07:50:17] [Server thread/WARN]: The server will make no attempt to authenticate usernames. Beware.
[07:50:17] [Server thread/WARN]: While this makes the game possible to play without internet access, it also opens up the ability for hackers to connect with any username they choose.
[07:50:17] [Server thread/WARN]: To change this, set "online-mode" to "true" in the server.properties file.
[07:50:17] [Server thread/INFO]: Preparing level "world"
[07:50:17] [Server thread/INFO]: -------- World Settings For [world] --------
[07:50:17] [Server thread/INFO]: View Distance: 10
[07:50:17] [Server thread/INFO]: Simulation Distance: 10
[07:50:17] [Server thread/INFO]: Item Merge Radius: 2.5
[07:50:17] [Server thread/INFO]: Experience Merge Radius: 3.0
[07:50:17] [Server thread/INFO]: Hopper Transfer: 8 Hopper Check: 1 Hopper Amount: 1 Hopper Can Load Chunks: false
[07:50:17] [Server thread/INFO]: Mob Spawn Range: 6
[07:50:17] [Server thread/INFO]: Item Despawn Rate: 6000
[07:50:17] [Server thread/INFO]: Arrow Despawn Rate: 1200 Trident Respawn Rate:1200
[07:50:17] [Server thread/INFO]: Zombie Aggressive Towards Villager: true
[07:50:17] [Server thread/INFO]: Nerfing mobs spawned from spawners: false
[07:50:17] [Server thread/INFO]: Allow Zombie Pigmen to spawn from portal blocks: true
[07:50:17] [Server thread/INFO]: Cactus Growth Modifier: 100%
[07:50:17] [Server thread/INFO]: Cane Growth Modifier: 100%
[07:50:17] [Server thread/INFO]: Melon Growth Modifier: 100%
[07:50:17] [Server thread/INFO]: Mushroom Growth Modifier: 100%
[07:50:17] [Server thread/INFO]: Pumpkin Growth Modifier: 100%
[07:50:17] [Server thread/INFO]: Sapling Growth Modifier: 100%
[07:50:17] [Server thread/INFO]: Beetroot Growth Modifier: 100%
[07:50:17] [Server thread/INFO]: Carrot Growth Modifier: 100%
[07:50:17] [Server thread/INFO]: Potato Growth Modifier: 100%
[07:50:17] [Server thread/INFO]: TorchFlower Growth Modifier: 100%
[07:50:17] [Server thread/INFO]: Wheat Growth Modifier: 100%
[07:50:17] [Server thread/INFO]: NetherWart Growth Modifier: 100%
[07:50:17] [Server thread/INFO]: Vine Growth Modifier: 100%
[07:50:17] [Server thread/INFO]: Cocoa Growth Modifier: 100%
[07:50:17] [Server thread/INFO]: Bamboo Growth Modifier: 100%
[07:50:17] [Server thread/INFO]: SweetBerry Growth Modifier: 100%
[07:50:17] [Server thread/INFO]: Kelp Growth Modifier: 100%
[07:50:17] [Server thread/INFO]: TwistingVines Growth Modifier: 100%
[07:50:17] [Server thread/INFO]: WeepingVines Growth Modifier: 100%
[07:50:17] [Server thread/INFO]: CaveVines Growth Modifier: 100%
[07:50:17] [Server thread/INFO]: GlowBerry Growth Modifier: 100%
[07:50:17] [Server thread/INFO]: PitcherPlant Growth Modifier: 100%
[07:50:17] [Server thread/INFO]: Entity Activation Range: An 32 / Mo 32 / Ra 48 / Mi 16 / Tiv true / Isa false
[07:50:17] [Server thread/INFO]: Entity Tracking Range: Pl 48 / An 48 / Mo 48 / Mi 32 / Di 128 / Other 64
[07:50:17] [Server thread/INFO]: Custom Map Seeds:  Village: 10387312 Desert: 14357617 Igloo: 14357618 Jungle: 14357619 Swamp: 14357620 Monument: 10387313 Ocean: 14357621 Shipwreck: 165745295 End City: 10387313 Slime: 987234911 Nether: 30084232 Mansion: 10387319 Fossil: 14357921 Portal: 34222645
[07:50:17] [Server thread/INFO]: Max TNT Explosions: 100
[07:50:17] [Server thread/INFO]: Tile Max Tick Time: 50ms Entity max Tick Time: 50ms
[07:50:17] [Folia Async Scheduler Thread #1/INFO]: [SkinsRestorer] ----------------------------------------------
[07:50:17] [Folia Async Scheduler Thread #1/INFO]: [SkinsRestorer]     +==================+
[07:50:17] [Folia Async Scheduler Thread #1/INFO]: [SkinsRestorer]     |   SkinsRestorer  |
[07:50:17] [Folia Async Scheduler Thread #1/INFO]: [SkinsRestorer]     |------------------|
[07:50:17] [Folia Async Scheduler Thread #1/INFO]: [SkinsRestorer]     |  Standalone Mode |
[07:50:17] [Folia Async Scheduler Thread #1/INFO]: [SkinsRestorer]     +==================+
[07:50:17] [Folia Async Scheduler Thread #1/INFO]: [SkinsRestorer] ----------------------------------------------
[07:50:17] [Folia Async Scheduler Thread #1/INFO]: [SkinsRestorer]     Version: 15.0.4
[07:50:17] [Folia Async Scheduler Thread #1/INFO]: [SkinsRestorer]     Commit: 677e967
[07:50:17] [Folia Async Scheduler Thread #1/INFO]: [SkinsRestorer]     This is the latest version!
[07:50:17] [Folia Async Scheduler Thread #1/INFO]: [SkinsRestorer] ----------------------------------------------
[07:50:18] [Server thread/INFO]: -------- World Settings For [world_nether] --------
[07:50:18] [Server thread/INFO]: View Distance: 10
[07:50:18] [Server thread/INFO]: Simulation Distance: 10
[07:50:18] [Server thread/INFO]: Item Merge Radius: 2.5
[07:50:18] [Server thread/INFO]: Experience Merge Radius: 3.0
[07:50:18] [Server thread/INFO]: Hopper Transfer: 8 Hopper Check: 1 Hopper Amount: 1 Hopper Can Load Chunks: false
[07:50:18] [Server thread/INFO]: Mob Spawn Range: 6
[07:50:18] [Server thread/INFO]: Item Despawn Rate: 6000
[07:50:18] [Server thread/INFO]: Arrow Despawn Rate: 1200 Trident Respawn Rate:1200
[07:50:18] [Server thread/INFO]: Zombie Aggressive Towards Villager: true
[07:50:18] [Server thread/INFO]: Nerfing mobs spawned from spawners: false
[07:50:18] [Server thread/INFO]: Allow Zombie Pigmen to spawn from portal blocks: true
[07:50:18] [Server thread/INFO]: Cactus Growth Modifier: 100%
[07:50:18] [Server thread/INFO]: Cane Growth Modifier: 100%
[07:50:18] [Server thread/INFO]: Melon Growth Modifier: 100%
[07:50:18] [Server thread/INFO]: Mushroom Growth Modifier: 100%
[07:50:18] [Server thread/INFO]: Pumpkin Growth Modifier: 100%
[07:50:18] [Server thread/INFO]: Sapling Growth Modifier: 100%
[07:50:18] [Server thread/INFO]: Beetroot Growth Modifier: 100%
[07:50:18] [Server thread/INFO]: Carrot Growth Modifier: 100%
[07:50:18] [Server thread/INFO]: Potato Growth Modifier: 100%
[07:50:18] [Server thread/INFO]: TorchFlower Growth Modifier: 100%
[07:50:18] [Server thread/INFO]: Wheat Growth Modifier: 100%
[07:50:18] [Server thread/INFO]: NetherWart Growth Modifier: 100%
[07:50:18] [Server thread/INFO]: Vine Growth Modifier: 100%
[07:50:18] [Server thread/INFO]: Cocoa Growth Modifier: 100%
[07:50:18] [Server thread/INFO]: Bamboo Growth Modifier: 100%
[07:50:18] [Server thread/INFO]: SweetBerry Growth Modifier: 100%
[07:50:18] [Server thread/INFO]: Kelp Growth Modifier: 100%
[07:50:18] [Server thread/INFO]: TwistingVines Growth Modifier: 100%
[07:50:18] [Server thread/INFO]: WeepingVines Growth Modifier: 100%
[07:50:18] [Server thread/INFO]: CaveVines Growth Modifier: 100%
[07:50:18] [Server thread/INFO]: GlowBerry Growth Modifier: 100%
[07:50:18] [Server thread/INFO]: PitcherPlant Growth Modifier: 100%
[07:50:18] [Server thread/INFO]: Entity Activation Range: An 32 / Mo 32 / Ra 48 / Mi 16 / Tiv true / Isa false
[07:50:18] [Server thread/INFO]: Entity Tracking Range: Pl 48 / An 48 / Mo 48 / Mi 32 / Di 128 / Other 64
[07:50:18] [Server thread/INFO]: Custom Map Seeds:  Village: 10387312 Desert: 14357617 Igloo: 14357618 Jungle: 14357619 Swamp: 14357620 Monument: 10387313 Ocean: 14357621 Shipwreck: 165745295 End City: 10387313 Slime: 987234911 Nether: 30084232 Mansion: 10387319 Fossil: 14357921 Portal: 34222645
[07:50:18] [Server thread/INFO]: Max TNT Explosions: 100
[07:50:18] [Server thread/INFO]: Tile Max Tick Time: 50ms Entity max Tick Time: 50ms
[07:50:18] [Server thread/INFO]: -------- World Settings For [world_the_end] --------
[07:50:18] [Server thread/INFO]: View Distance: 10
[07:50:18] [Server thread/INFO]: Simulation Distance: 10
[07:50:18] [Server thread/INFO]: Item Merge Radius: 2.5
[07:50:18] [Server thread/INFO]: Experience Merge Radius: 3.0
[07:50:18] [Server thread/INFO]: Hopper Transfer: 8 Hopper Check: 1 Hopper Amount: 1 Hopper Can Load Chunks: false
[07:50:18] [Server thread/INFO]: Mob Spawn Range: 6
[07:50:18] [Server thread/INFO]: Item Despawn Rate: 6000
[07:50:18] [Server thread/INFO]: Arrow Despawn Rate: 1200 Trident Respawn Rate:1200
[07:50:18] [Server thread/INFO]: Zombie Aggressive Towards Villager: true
[07:50:18] [Server thread/INFO]: Nerfing mobs spawned from spawners: false
[07:50:18] [Server thread/INFO]: Allow Zombie Pigmen to spawn from portal blocks: true
[07:50:18] [Server thread/INFO]: Cactus Growth Modifier: 100%
[07:50:18] [Server thread/INFO]: Cane Growth Modifier: 100%
[07:50:18] [Server thread/INFO]: Melon Growth Modifier: 100%
[07:50:18] [Server thread/INFO]: Mushroom Growth Modifier: 100%
[07:50:18] [Server thread/INFO]: Pumpkin Growth Modifier: 100%
[07:50:18] [Server thread/INFO]: Sapling Growth Modifier: 100%
[07:50:18] [Server thread/INFO]: Beetroot Growth Modifier: 100%
[07:50:18] [Server thread/INFO]: Carrot Growth Modifier: 100%
[07:50:18] [Server thread/INFO]: Potato Growth Modifier: 100%
[07:50:18] [Server thread/INFO]: TorchFlower Growth Modifier: 100%
[07:50:18] [Server thread/INFO]: Wheat Growth Modifier: 100%
[07:50:18] [Server thread/INFO]: NetherWart Growth Modifier: 100%
[07:50:18] [Server thread/INFO]: Vine Growth Modifier: 100%
[07:50:18] [Server thread/INFO]: Cocoa Growth Modifier: 100%
[07:50:18] [Server thread/INFO]: Bamboo Growth Modifier: 100%
[07:50:18] [Server thread/INFO]: SweetBerry Growth Modifier: 100%
[07:50:18] [Server thread/INFO]: Kelp Growth Modifier: 100%
[07:50:18] [Server thread/INFO]: TwistingVines Growth Modifier: 100%
[07:50:18] [Server thread/INFO]: WeepingVines Growth Modifier: 100%
[07:50:18] [Server thread/INFO]: CaveVines Growth Modifier: 100%
[07:50:18] [Server thread/INFO]: GlowBerry Growth Modifier: 100%
[07:50:18] [Server thread/INFO]: PitcherPlant Growth Modifier: 100%
[07:50:18] [Server thread/INFO]: Entity Activation Range: An 32 / Mo 32 / Ra 48 / Mi 16 / Tiv true / Isa false
[07:50:18] [Server thread/INFO]: Entity Tracking Range: Pl 48 / An 48 / Mo 48 / Mi 32 / Di 128 / Other 64
[07:50:18] [Server thread/INFO]: Custom Map Seeds:  Village: 10387312 Desert: 14357617 Igloo: 14357618 Jungle: 14357619 Swamp: 14357620 Monument: 10387313 Ocean: 14357621 Shipwreck: 165745295 End City: 10387313 Slime: 987234911 Nether: 30084232 Mansion: 10387319 Fossil: 14357921 Portal: 34222645
[07:50:18] [Server thread/INFO]: Max TNT Explosions: 100
[07:50:18] [Server thread/INFO]: Tile Max Tick Time: 50ms Entity max Tick Time: 50ms
[07:50:18] [Server thread/INFO]: Preparing start region for dimension minecraft:overworld
[07:50:18] [Server thread/INFO]: Time elapsed: 443 ms
[07:50:18] [Server thread/INFO]: Preparing start region for dimension minecraft:the_nether
[07:50:18] [Server thread/INFO]: Time elapsed: 94 ms
[07:50:18] [Server thread/INFO]: Preparing start region for dimension minecraft:the_end
[07:50:18] [Server thread/INFO]: Time elapsed: 125 ms
[07:50:18] [Server thread/INFO]: [ViaVersion] Enabling ViaVersion v4.8.1
[07:50:19] [Server thread/INFO]: [ViaVersion] ViaVersion detected server version: 1.20.2 (764)
[07:50:19] [Server thread/INFO]: [floodgate] Enabling floodgate v2.2.2-SNAPSHOT (b85-71acc6c)
[07:50:19] [Server thread/INFO]: [ViaBackwards] Enabling ViaBackwards v4.8.1
[07:50:19] [Server thread/INFO]: [Geyser-Spigot] Enabling Geyser-Spigot v2.2.0-SNAPSHOT
[07:50:19] [Server thread/INFO]: [playit-gg] Enabling playit-gg v0.1.4
[07:50:20] [Server thread/INFO]: [Graves] Enabling Graves v4.9
[07:50:20] [Server thread/INFO]: [Graves] Integration: Hooked into MiniMessage.
[07:50:20] [Thread-11/INFO]: [gg.playit.minecraft.PlayitKeysSetup] secret key found, checking
[07:50:20] [Thread-11/INFO]: [gg.playit.minecraft.PlayitKeysSetup] check secret
[07:50:20] [Server thread/INFO]: [Graves] Compatibility: World "world" has keepInventory set to true, Graves will not be created here.
[07:50:21] [Server thread/INFO]: [VeinMiner] Enabling VeinMiner v2.1.1
[07:50:21] [Server thread/INFO]: [VeinMiner] Loading configuration options to local memory
[07:50:21] [Thread-12/INFO]: [VeinMiner] Using SQLITE for persistent storage.
[07:50:21] [Thread-11/INFO]: [gg.playit.minecraft.PlayitKeysSetup] found minecraft java tunnel: welcome-aside.joinmc.link
[07:50:21] [Thread-11/INFO]: [gg.playit.minecraft.PlayitManager] keys and tunnel setup
[07:50:22] [Thread-11/WARN]: [gg.playit.control.ChannelSetup] Got IO error working with :control.playit.gg/2602:fbaf:848:0:0:0:0:1, error : java.net.SocketException: Network is unreachable
[07:50:22] [Server thread/INFO]: [VeinMiner] Added 13 aliases.
[07:50:22] [Server thread/INFO]: [VeinMiner] Registered category with id "Axe" holding 6 unique items and 26 unique blocks.
[07:50:22] [Server thread/INFO]: [VeinMiner] Registered category with id "Hoe" holding 6 unique items and 10 unique blocks.
[07:50:22] [Server thread/INFO]: [VeinMiner] Registered category with id "Pickaxe" holding 6 unique items and 23 unique blocks.
[07:50:22] [Server thread/INFO]: [VeinMiner] Registered category with id "Shears" holding 1 unique items and 27 unique blocks.
[07:50:22] [Server thread/INFO]: [VeinMiner] Registered category with id "Shovel" holding 6 unique items and 10 unique blocks.
[07:50:22] [Server thread/INFO]: [VeinMiner] Registering commands
[07:50:22] [Server thread/INFO]: [VeinMiner] Performing an update check!
[07:50:22] [Server thread/INFO]: [VeinMiner] Registering events
[07:50:22] [Server thread/INFO]: [VeinMiner] Vault not found. Economy support suspended
[07:50:22] [Server thread/INFO]: [VeinMiner] Enabling Plugin Metrics
[07:50:22] [Thread-11/INFO]: [gg.playit.control.ChannelSetup] request queued, waiting 1 second before resend
[07:50:22] [Server thread/INFO]: [VeinMiner] Thanks for enabling Metrics! The anonymous stats are appreciated
[07:50:22] [Thread-13/INFO]: [VeinMiner] You are on the latest version of VeinMiner.
[07:50:22] [Server thread/INFO]: [Geyser-Spigot] ******************************************
[07:50:22] [Server thread/INFO]: [Geyser-Spigot] 
[07:50:22] [Server thread/INFO]: [Geyser-Spigot] Loading Geyser version 2.2.0-SNAPSHOT (git-master-81178ba)
[07:50:22] [Server thread/INFO]: [Geyser-Spigot] 
[07:50:22] [Server thread/INFO]: [Geyser-Spigot] ******************************************
[07:50:25] [Thread-11/INFO]: [gg.playit.minecraft.PlayitManager] got new client: NewClient{connectAddr=209.25.143.181:45275, peerAddr=27.109.114.169:24200, claimAddress=209.25.142.2:43784, claimToken=[44, 0, 60, -47, 25, -113, -75, -80, -37, 27, 109, 114, -87, 94, -120, 31, -117, 71, 61, -85, 8, 101, -82, 30, 65, 0, 0, 0, 0, 0, 5, -37, -55, 0, 0, 0, 0, 0, 45, 82, 57, 118, 61, -85, 8, 0, 0, 0, 0, 28, 0, 0, 0, 0, 0, 0, 70, 46, 0, 1, 34, 6, 7, -5, -125, 109, 70, -55, 67, 112, 100, 88, -57, 126, 116, 8], tunnelServerId=17966, dataCenterId=28}
[07:50:25] [Thread-11/INFO]: [gg.playit.minecraft.PlayitManager] starting tcp tunnel for client
[07:50:25] [Thread-11/INFO]: [gg.playit.minecraft.PlayitTcpTunnel] start connection to /209.25.142.2:43784 to claim client
[07:50:25] [nioEventLoopGroup-2-1/INFO]: [gg.playit.minecraft.PlayitTcpTunnel] connected to tunnel server, sending claim token
[07:50:25] [nioEventLoopGroup-2-1/INFO]: [gg.playit.minecraft.PlayitTcpTunnel] claim token sent
[07:50:25] [nioEventLoopGroup-2-1/INFO]: [gg.playit.minecraft.PlayitTcpTunnel] connection to tunnel server has been established
[07:50:25] [nioEventLoopGroup-2-1/INFO]: [gg.playit.minecraft.PlayitTcpTunnel] Reflect: ReflectionHelper{ServerConnection=class net.minecraft.server.network.ServerConnection, LegacyPingHandler=class net.minecraft.server.network.LegacyPingHandler, MinecraftServer=class net.minecraft.server.MinecraftServer, PacketSplitter=class net.minecraft.network.PacketSplitter, PacketDecoder=class net.minecraft.network.PacketDecoder, EnumProtocolDirection=class net.minecraft.network.protocol.EnumProtocolDirection, PacketPrepender=class net.minecraft.network.PacketPrepender, PacketEncoder=class net.minecraft.network.PacketEncoder, NetworkManagerServer=class net.minecraft.network.NetworkManagerServer, NetworkManager=class net.minecraft.network.NetworkManager, HandshakeListener=class net.minecraft.server.network.HandshakeListener, PacketListener=interface net.minecraft.network.PacketListener, CraftServer=null}
[07:50:25] [nioEventLoopGroup-2-1/INFO]: [gg.playit.minecraft.PlayitTcpTunnel] failed to get Minecraft server from Bukkit.getServer()
[07:50:25] [nioEventLoopGroup-2-1/INFO]: [gg.playit.minecraft.PlayitTcpTunnel] connecting to minecraft server at localhost/127.0.0.1:25565
[07:50:25] [nioEventLoopGroup-2-2/INFO]: [gg.playit.minecraft.PlayitTcpTunnel] connected to local minecraft server
[07:50:29] [Thread-11/INFO]: [gg.playit.minecraft.PlayitManager] got new client: NewClient{connectAddr=209.25.143.181:45275, peerAddr=27.109.114.169:5889, claimAddress=209.25.142.2:43784, claimToken=[44, 0, 60, -47, 25, -113, -75, -80, -37, 27, 109, 114, -87, 23, 1, 123, -15, 101, 69, -85, 8, 101, -82, 30, 69, 0, 0, 0, 0, 0, 5, -37, -55, 0, 0, 0, 0, 0, 45, 82, 57, 107, 69, -85, 8, 0, 0, 0, 0, 28, 0, 0, 0, 0, 0, 0, 70, 46, 0, 1, 105, 125, -119, 117, -25, 90, -93, -112, -109, -113, -32, 32, 63, 5, -74, -107], tunnelServerId=17966, dataCenterId=28}
[07:50:29] [Thread-11/INFO]: [gg.playit.minecraft.PlayitManager] starting tcp tunnel for client
[07:50:29] [Thread-11/INFO]: [gg.playit.minecraft.PlayitTcpTunnel] start connection to /209.25.142.2:43784 to claim client
[07:50:29] [nioEventLoopGroup-2-3/INFO]: [gg.playit.minecraft.PlayitTcpTunnel] connected to tunnel server, sending claim token
[07:50:29] [nioEventLoopGroup-2-3/INFO]: [gg.playit.minecraft.PlayitTcpTunnel] claim token sent
[07:50:29] [nioEventLoopGroup-2-3/INFO]: [gg.playit.minecraft.PlayitTcpTunnel] connection to tunnel server has been established
[07:50:29] [nioEventLoopGroup-2-3/INFO]: [gg.playit.minecraft.PlayitTcpTunnel] Reflect: ReflectionHelper{ServerConnection=class net.minecraft.server.network.ServerConnection, LegacyPingHandler=class net.minecraft.server.network.LegacyPingHandler, MinecraftServer=class net.minecraft.server.MinecraftServer, PacketSplitter=class net.minecraft.network.PacketSplitter, PacketDecoder=class net.minecraft.network.PacketDecoder, EnumProtocolDirection=class net.minecraft.network.protocol.EnumProtocolDirection, PacketPrepender=class net.minecraft.network.PacketPrepender, PacketEncoder=class net.minecraft.network.PacketEncoder, NetworkManagerServer=class net.minecraft.network.NetworkManagerServer, NetworkManager=class net.minecraft.network.NetworkManager, HandshakeListener=class net.minecraft.server.network.HandshakeListener, PacketListener=interface net.minecraft.network.PacketListener, CraftServer=null}
[07:50:29] [nioEventLoopGroup-2-3/INFO]: [gg.playit.minecraft.PlayitTcpTunnel] failed to get Minecraft server from Bukkit.getServer()
[07:50:29] [nioEventLoopGroup-2-3/INFO]: [gg.playit.minecraft.PlayitTcpTunnel] connecting to minecraft server at localhost/127.0.0.1:25565
[07:50:29] [nioEventLoopGroup-2-4/INFO]: [gg.playit.minecraft.PlayitTcpTunnel] connected to local minecraft server
[07:50:34] [epollEventLoopGroup-4-1/INFO]: [Geyser-Spigot] Started Geyser on 0.0.0.0:19132
[07:50:34] [Server thread/INFO]: [Geyser-Spigot] Done (11.768s)! Run /geyser help for help!
[07:50:34] [Server thread/INFO]: Running delayed init tasks
[07:50:34] [Craft Scheduler Thread - 2 - ViaVersion/INFO]: [ViaVersion] Finished mapping loading, shutting down loader executor!
[07:50:34] [Server thread/INFO]: Done (26.655s)! For help, type "help"
[07:50:34] [Server thread/INFO]: Timings Reset
[07:50:34] [Thread-17/INFO]: [Geyser-Spigot] There's a new Geyser update available to support Bedrock version 1.20.50. Download it here: https://geysermc.org/download
[07:50:35] [Server thread/WARN]: [ViaVersion] There is a newer plugin version available: 4.9.2, you're on: 4.8.1
[07:50:37] [Thread-11/INFO]: [gg.playit.minecraft.PlayitManager] got new client: NewClient{connectAddr=209.25.143.181:45275, peerAddr=27.109.114.169:24201, claimAddress=209.25.142.2:43784, claimToken=[44, 0, 60, -47, 25, -113, -75, -80, -37, 27, 109, 114, -87, 94, -119, 25, 51, -24, 46, -85, 8, 101, -82, 30, 77, 0, 0, 0, 0, 0, 5, -37, -55, 0, 0, 0, 0, 0, 45, 82, 57, 89, 46, -85, 8, 0, 0, 0, 0, 28, 0, 0, 0, 0, 0, 0, 70, 46, 0, 1, 66, 61, 19, 30, 2, -39, 50, -120, -34, 116, -104, -124, -46, -67, 107, 25], tunnelServerId=17966, dataCenterId=28}
[07:50:37] [Thread-11/INFO]: [gg.playit.minecraft.PlayitManager] starting tcp tunnel for client
[07:50:37] [Thread-11/INFO]: [gg.playit.minecraft.PlayitTcpTunnel] start connection to /209.25.142.2:43784 to claim client
[07:50:37] [nioEventLoopGroup-2-1/INFO]: [gg.playit.minecraft.PlayitTcpTunnel] connected to tunnel server, sending claim token
[07:50:37] [nioEventLoopGroup-2-1/INFO]: [gg.playit.minecraft.PlayitTcpTunnel] claim token sent
[07:50:37] [nioEventLoopGroup-2-1/INFO]: [gg.playit.minecraft.PlayitTcpTunnel] connection to tunnel server has been established
[07:50:37] [nioEventLoopGroup-2-1/INFO]: [gg.playit.minecraft.PlayitTcpTunnel] Reflect: ReflectionHelper{ServerConnection=class net.minecraft.server.network.ServerConnection, LegacyPingHandler=class net.minecraft.server.network.LegacyPingHandler, MinecraftServer=class net.minecraft.server.MinecraftServer, PacketSplitter=class net.minecraft.network.PacketSplitter, PacketDecoder=class net.minecraft.network.PacketDecoder, EnumProtocolDirection=class net.minecraft.network.protocol.EnumProtocolDirection, PacketPrepender=class net.minecraft.network.PacketPrepender, PacketEncoder=class net.minecraft.network.PacketEncoder, NetworkManagerServer=class net.minecraft.network.NetworkManagerServer, NetworkManager=class net.minecraft.network.NetworkManager, HandshakeListener=class net.minecraft.server.network.HandshakeListener, PacketListener=interface net.minecraft.network.PacketListener, CraftServer=null}
[07:50:37] [nioEventLoopGroup-2-1/INFO]: [gg.playit.minecraft.PlayitTcpTunnel] failed to get Minecraft server from Bukkit.getServer()
[07:50:37] [nioEventLoopGroup-2-1/INFO]: [gg.playit.minecraft.PlayitTcpTunnel] connecting to minecraft server at localhost/127.0.0.1:25565
[07:50:37] [nioEventLoopGroup-2-2/INFO]: [gg.playit.minecraft.PlayitTcpTunnel] connected to local minecraft server
[07:50:41] [Thread-11/INFO]: [gg.playit.minecraft.PlayitManager] got new client: NewClient{connectAddr=209.25.143.181:45275, peerAddr=27.109.114.169:5890, claimAddress=209.25.142.2:43784, claimToken=[44, 0, 60, -47, 25, -113, -75, -80, -37, 27, 109, 114, -87, 23, 2, -112, 32, -28, -49, -85, 8, 101, -82, 30, 81, 0, 0, 0, 0, 0, 5, -37, -55, 0, 0, 0, 0, 0, 45, 82, 57, 127, -49, -85, 8, 0, 0, 0, 0, 28, 0, 0, 0, 0, 0, 0, 70, 46, 0, 1, 53, -18, 57, 94, 15, -30, -35, 97, -88, 51, 9, 76, 95, 82, 99, -38], tunnelServerId=17966, dataCenterId=28}
[07:50:41] [Thread-11/INFO]: [gg.playit.minecraft.PlayitManager] starting tcp tunnel for client
[07:50:41] [Thread-11/INFO]: [gg.playit.minecraft.PlayitTcpTunnel] start connection to /209.25.142.2:43784 to claim client
[07:50:41] [nioEventLoopGroup-2-3/INFO]: [gg.playit.minecraft.PlayitTcpTunnel] connected to tunnel server, sending claim token
[07:50:41] [nioEventLoopGroup-2-3/INFO]: [gg.playit.minecraft.PlayitTcpTunnel] claim token sent
[07:50:41] [nioEventLoopGroup-2-3/INFO]: [gg.playit.minecraft.PlayitTcpTunnel] connection to tunnel server has been established
[07:50:41] [nioEventLoopGroup-2-3/INFO]: [gg.playit.minecraft.PlayitTcpTunnel] Reflect: ReflectionHelper{ServerConnection=class net.minecraft.server.network.ServerConnection, LegacyPingHandler=class net.minecraft.server.network.LegacyPingHandler, MinecraftServer=class net.minecraft.server.MinecraftServer, PacketSplitter=class net.minecraft.network.PacketSplitter, PacketDecoder=class net.minecraft.network.PacketDecoder, EnumProtocolDirection=class net.minecraft.network.protocol.EnumProtocolDirection, PacketPrepender=class net.minecraft.network.PacketPrepender, PacketEncoder=class net.minecraft.network.PacketEncoder, NetworkManagerServer=class net.minecraft.network.NetworkManagerServer, NetworkManager=class net.minecraft.network.NetworkManager, HandshakeListener=class net.minecraft.server.network.HandshakeListener, PacketListener=interface net.minecraft.network.PacketListener, CraftServer=null}
[07:50:41] [nioEventLoopGroup-2-3/INFO]: [gg.playit.minecraft.PlayitTcpTunnel] failed to get Minecraft server from Bukkit.getServer()
[07:50:41] [nioEventLoopGroup-2-3/INFO]: [gg.playit.minecraft.PlayitTcpTunnel] connecting to minecraft server at localhost/127.0.0.1:25565
[07:50:41] [nioEventLoopGroup-2-4/INFO]: [gg.playit.minecraft.PlayitTcpTunnel] connected to local minecraft server
[07:50:50] [Thread-11/INFO]: [gg.playit.minecraft.PlayitManager] got new client: NewClient{connectAddr=209.25.143.181:45275, peerAddr=27.109.114.169:24202, claimAddress=209.25.142.2:43784, claimToken=[44, 0, 60, -47, 25, -113, -75, -80, -37, 27, 109, 114, -87, 94, -118, 48, 69, 3, -20, -85, 8, 101, -82, 30, 90, 0, 0, 0, 0, 0, 5, -37, -55, 0, 0, 0, 0, 0, 45, 82, 57, 124, -20, -85, 8, 0, 0, 0, 0, 28, 0, 0, 0, 0, 0, 0, 70, 46, 0, 1, -25, 39, 81, -78, 27, 52, -124, 34, -81, 32, 17, 100, 20, -88, 21, 65], tunnelServerId=17966, dataCenterId=28}
[07:50:50] [Thread-11/INFO]: [gg.playit.minecraft.PlayitManager] starting tcp tunnel for client
[07:50:50] [Thread-11/INFO]: [gg.playit.minecraft.PlayitTcpTunnel] start connection to /209.25.142.2:43784 to claim client
[07:50:50] [nioEventLoopGroup-2-1/INFO]: [gg.playit.minecraft.PlayitTcpTunnel] connected to tunnel server, sending claim token
[07:50:50] [nioEventLoopGroup-2-1/INFO]: [gg.playit.minecraft.PlayitTcpTunnel] claim token sent
[07:50:50] [nioEventLoopGroup-2-1/INFO]: [gg.playit.minecraft.PlayitTcpTunnel] connection to tunnel server has been established
[07:50:50] [nioEventLoopGroup-2-1/INFO]: [gg.playit.minecraft.PlayitTcpTunnel] Reflect: ReflectionHelper{ServerConnection=class net.minecraft.server.network.ServerConnection, LegacyPingHandler=class net.minecraft.server.network.LegacyPingHandler, MinecraftServer=class net.minecraft.server.MinecraftServer, PacketSplitter=class net.minecraft.network.PacketSplitter, PacketDecoder=class net.minecraft.network.PacketDecoder, EnumProtocolDirection=class net.minecraft.network.protocol.EnumProtocolDirection, PacketPrepender=class net.minecraft.network.PacketPrepender, PacketEncoder=class net.minecraft.network.PacketEncoder, NetworkManagerServer=class net.minecraft.network.NetworkManagerServer, NetworkManager=class net.minecraft.network.NetworkManager, HandshakeListener=class net.minecraft.server.network.HandshakeListener, PacketListener=interface net.minecraft.network.PacketListener, CraftServer=null}
[07:50:50] [nioEventLoopGroup-2-1/INFO]: [gg.playit.minecraft.PlayitTcpTunnel] failed to get Minecraft server from Bukkit.getServer()
[07:50:50] [nioEventLoopGroup-2-1/INFO]: [gg.playit.minecraft.PlayitTcpTunnel] connecting to minecraft server at localhost/127.0.0.1:25565
[07:50:50] [nioEventLoopGroup-2-2/INFO]: [gg.playit.minecraft.PlayitTcpTunnel] connected to local minecraft server
[07:50:51] [User Authenticator #0/INFO]: UUID of player HENG_KYT42 is 6da37a11-19ac-3a11-bc92-3f427fac3346
[07:50:51] [Server thread/INFO]: HENG_KYT42 joined the game
[07:50:52] [Server thread/INFO]: HENG_KYT42[/127.0.0.1:45784] logged in with entity id 84 at ([world]2449.6252185573717, 194.5, -1594.198741607516)
[07:54:24] [Thread-11/INFO]: [gg.playit.control.ChannelSetup] send keep alive
[07:58:24] [Thread-11/INFO]: [gg.playit.control.ChannelSetup] send keep alive
[08:02:24] [Thread-11/INFO]: [gg.playit.control.ChannelSetup] send keep alive
[08:06:24] [Thread-11/INFO]: [gg.playit.control.ChannelSetup] send keep alive
[08:10:25] [Thread-11/INFO]: [gg.playit.control.ChannelSetup] send keep alive
[08:14:25] [Thread-11/INFO]: [gg.playit.control.ChannelSetup] send keep alive
[08:17:42] [nioEventLoopGroup-2-1/WARN]: [io.netty.channel.DefaultChannelPipeline] An exceptionCaught() event was fired, and it reached at the tail of the pipeline. It usually means the last handler in the pipeline did not handle the exception.
java.net.SocketException: Connection reset
	at sun.nio.ch.SocketChannelImpl.throwConnectionReset(SocketChannelImpl.java:401) ~[?:?]
	at sun.nio.ch.SocketChannelImpl.read(SocketChannelImpl.java:434) ~[?:?]
	at io.netty.buffer.PooledByteBuf.setBytes(PooledByteBuf.java:254) ~[netty-buffer-4.1.97.Final.jar:4.1.97.Final]
	at io.netty.buffer.AbstractByteBuf.writeBytes(AbstractByteBuf.java:1132) ~[netty-buffer-4.1.97.Final.jar:4.1.97.Final]
	at io.netty.channel.socket.nio.NioSocketChannel.doReadBytes(NioSocketChannel.java:357) ~[netty-transport-4.1.97.Final.jar:4.1.97.Final]
	at io.netty.channel.nio.AbstractNioByteChannel$NioByteUnsafe.read(AbstractNioByteChannel.java:151) ~[netty-transport-4.1.97.Final.jar:4.1.97.Final]
	at io.netty.channel.nio.NioEventLoop.processSelectedKey(NioEventLoop.java:788) ~[netty-transport-4.1.97.Final.jar:4.1.97.Final]
	at io.netty.channel.nio.NioEventLoop.processSelectedKeysOptimized(NioEventLoop.java:724) ~[netty-transport-4.1.97.Final.jar:4.1.97.Final]
	at io.netty.channel.nio.NioEventLoop.processSelectedKeys(NioEventLoop.java:650) ~[netty-transport-4.1.97.Final.jar:4.1.97.Final]
	at io.netty.channel.nio.NioEventLoop.run(NioEventLoop.java:562) ~[netty-transport-4.1.97.Final.jar:4.1.97.Final]
	at io.netty.util.concurrent.SingleThreadEventExecutor$4.run(SingleThreadEventExecutor.java:997) ~[netty-common-4.1.97.Final.jar:4.1.97.Final]
	at io.netty.util.internal.ThreadExecutorMap$2.run(ThreadExecutorMap.java:74) ~[netty-common-4.1.97.Final.jar:4.1.97.Final]
	at io.netty.util.concurrent.FastThreadLocalRunnable.run(FastThreadLocalRunnable.java:30) ~[netty-common-4.1.97.Final.jar:4.1.97.Final]
	at java.lang.Thread.run(Thread.java:1583) ~[?:?]
[08:17:42] [nioEventLoopGroup-2-1/WARN]: [gg.playit.minecraft.PlayitTcpTunnel] failed to send data to tunnel
[08:17:42] [Server thread/INFO]: HENG_KYT42 lost connection: Disconnected
[08:17:42] [Server thread/INFO]: HENG_KYT42 left the game
[08:18:25] [Thread-11/INFO]: [gg.playit.control.ChannelSetup] send keep alive
[08:22:25] [Thread-11/INFO]: [gg.playit.control.ChannelSetup] send keep alive
[08:26:25] [Thread-11/INFO]: [gg.playit.control.ChannelSetup] send keep alive
[08:30:26] [Thread-11/INFO]: [gg.playit.control.ChannelSetup] send keep alive
[08:34:26] [Thread-11/INFO]: [gg.playit.control.ChannelSetup] send keep alive
[08:38:26] [Thread-11/INFO]: [gg.playit.control.ChannelSetup] send keep alive
[08:42:26] [Thread-11/INFO]: [gg.playit.control.ChannelSetup] send keep alive
